[2017-01-15 11:04:45.046] boot - 5736  INFO [restartedMain] --- App: Starting App on pgos with PID 5736 (C:\Users\Administrator\git\JuheData\juhe_manager\juhe_manager_service_impl\target\classes started by Administrator in C:\Users\Administrator\git\JuheData\juhe_manager\juhe_manager_service_impl)
[2017-01-15 11:04:45.046] boot - 5736  INFO [restartedMain] --- App: The following profiles are active: dev
[2017-01-15 11:04:45.140] boot - 5736  INFO [restartedMain] --- AnnotationConfigApplicationContext: Refreshing org.springframework.context.annotation.AnnotationConfigApplicationContext@12d2ae8: startup date [Sun Jan 15 11:04:45 CST 2017]; root of context hierarchy
[2017-01-15 11:04:47.013] boot - 5736  INFO [restartedMain] --- XmlBeanDefinitionReader: Loading XML bean definitions from class path resource [spring-dubbo.xml]
[2017-01-15 11:04:47.123] boot - 5736  INFO [restartedMain] --- LoggerFactory: using logger: com.alibaba.dubbo.common.logger.log4j.Log4jLoggerAdapter
[2017-01-15 11:04:47.341] boot - 5736 ERROR [restartedMain] --- SpringApplication: Application startup failed
java.lang.annotation.AnnotationFormatError: Invalid default: public abstract java.lang.Class org.springframework.data.jpa.repository.config.EnableJpaRepositories.repositoryBaseClass()
	at java.lang.reflect.Method.getDefaultValue(Method.java:732)
	at sun.reflect.annotation.AnnotationType.<init>(AnnotationType.java:117)
	at sun.reflect.annotation.AnnotationType.getInstance(AnnotationType.java:84)
	at sun.reflect.annotation.AnnotationParser.parseAnnotation(AnnotationParser.java:221)
	at sun.reflect.annotation.AnnotationParser.parseAnnotations2(AnnotationParser.java:88)
	at sun.reflect.annotation.AnnotationParser.parseAnnotations(AnnotationParser.java:70)
	at java.lang.Class.initAnnotationsIfNecessary(Class.java:3098)
	at java.lang.Class.getAnnotations(Class.java:3078)
	at org.springframework.core.type.StandardAnnotationMetadata.<init>(StandardAnnotationMetadata.java:68)
	at org.springframework.boot.autoconfigure.data.AbstractRepositoryConfigurationSourceSupport.getConfigurationSource(AbstractRepositoryConfigurationSourceSupport.java:65)
	at org.springframework.boot.autoconfigure.data.AbstractRepositoryConfigurationSourceSupport.registerBeanDefinitions(AbstractRepositoryConfigurationSourceSupport.java:58)
	at org.springframework.context.annotation.ConfigurationClassBeanDefinitionReader.loadBeanDefinitionsFromRegistrars(ConfigurationClassBeanDefinitionReader.java:352)
	at org.springframework.context.annotation.ConfigurationClassBeanDefinitionReader.loadBeanDefinitionsForConfigurationClass(ConfigurationClassBeanDefinitionReader.java:143)
	at org.springframework.context.annotation.ConfigurationClassBeanDefinitionReader.loadBeanDefinitions(ConfigurationClassBeanDefinitionReader.java:116)
	at org.springframework.context.annotation.ConfigurationClassPostProcessor.processConfigBeanDefinitions(ConfigurationClassPostProcessor.java:333)
	at org.springframework.context.annotation.ConfigurationClassPostProcessor.postProcessBeanDefinitionRegistry(ConfigurationClassPostProcessor.java:243)
	at org.springframework.context.support.PostProcessorRegistrationDelegate.invokeBeanDefinitionRegistryPostProcessors(PostProcessorRegistrationDelegate.java:273)
	at org.springframework.context.support.PostProcessorRegistrationDelegate.invokeBeanFactoryPostProcessors(PostProcessorRegistrationDelegate.java:98)
	at org.springframework.context.support.AbstractApplicationContext.invokeBeanFactoryPostProcessors(AbstractApplicationContext.java:678)
	at org.springframework.context.support.AbstractApplicationContext.refresh(AbstractApplicationContext.java:520)
	at org.springframework.boot.SpringApplication.refresh(SpringApplication.java:760)
	at org.springframework.boot.SpringApplication.createAndRefreshContext(SpringApplication.java:360)
	at org.springframework.boot.SpringApplication.run(SpringApplication.java:306)
	at org.springframework.boot.builder.SpringApplicationBuilder.run(SpringApplicationBuilder.java:134)
	at com.aido.manager.App.main(App.java:29)
	at sun.reflect.NativeMethodAccessorImpl.invoke0(Native Method)
	at sun.reflect.NativeMethodAccessorImpl.invoke(NativeMethodAccessorImpl.java:57)
	at sun.reflect.DelegatingMethodAccessorImpl.invoke(DelegatingMethodAccessorImpl.java:43)
	at java.lang.reflect.Method.invoke(Method.java:601)
	at org.springframework.boot.devtools.restart.RestartLauncher.run(RestartLauncher.java:49)
[2017-01-15 11:04:47.341] boot - 5736  INFO [restartedMain] --- ClasspathLoggingApplicationListener: Application failed to start with classpath: [file:/C:/Users/Administrator/git/JuheData/juhe_manager/juhe_manager_service_impl/target/classes/, file:/C:/Users/Administrator/git/JuheData/juhe_manager/juhe_manager_dto/target/classes/, file:/C:/Users/Administrator/git/JuheData/juhe_common/juhu_common_httpclient/target/classes/, file:/C:/Users/Administrator/git/JuheData/juhe_common/juhu_common_util/target/classes/, file:/C:/Users/Administrator/git/JuheData/juhe_manager/juhe_manager_service/target/classes/]
[2017-01-15 11:07:36.332] boot - 5236  INFO [restartedMain] --- App: Starting App on pgos with PID 5236 (C:\Users\Administrator\git\JuheData\juhe_manager\juhe_manager_service_impl\target\classes started by Administrator in C:\Users\Administrator\git\JuheData\juhe_manager\juhe_manager_service_impl)
[2017-01-15 11:07:36.332] boot - 5236  INFO [restartedMain] --- App: The following profiles are active: dev
[2017-01-15 11:07:36.425] boot - 5236  INFO [restartedMain] --- AnnotationConfigApplicationContext: Refreshing org.springframework.context.annotation.AnnotationConfigApplicationContext@fe6a6a: startup date [Sun Jan 15 11:07:36 CST 2017]; root of context hierarchy
[2017-01-15 11:07:38.313] boot - 5236  INFO [restartedMain] --- XmlBeanDefinitionReader: Loading XML bean definitions from class path resource [spring-dubbo.xml]
[2017-01-15 11:07:38.424] boot - 5236  INFO [restartedMain] --- LoggerFactory: using logger: com.alibaba.dubbo.common.logger.log4j.Log4jLoggerAdapter
[2017-01-15 11:07:38.643] boot - 5236 ERROR [restartedMain] --- SpringApplication: Application startup failed
java.lang.annotation.AnnotationFormatError: Invalid default: public abstract java.lang.Class org.springframework.data.jpa.repository.config.EnableJpaRepositories.repositoryBaseClass()
	at java.lang.reflect.Method.getDefaultValue(Method.java:732)
	at sun.reflect.annotation.AnnotationType.<init>(AnnotationType.java:117)
	at sun.reflect.annotation.AnnotationType.getInstance(AnnotationType.java:84)
	at sun.reflect.annotation.AnnotationParser.parseAnnotation(AnnotationParser.java:221)
	at sun.reflect.annotation.AnnotationParser.parseAnnotations2(AnnotationParser.java:88)
	at sun.reflect.annotation.AnnotationParser.parseAnnotations(AnnotationParser.java:70)
	at java.lang.Class.initAnnotationsIfNecessary(Class.java:3098)
	at java.lang.Class.getAnnotations(Class.java:3078)
	at org.springframework.core.type.StandardAnnotationMetadata.<init>(StandardAnnotationMetadata.java:68)
	at org.springframework.boot.autoconfigure.data.AbstractRepositoryConfigurationSourceSupport.getConfigurationSource(AbstractRepositoryConfigurationSourceSupport.java:65)
	at org.springframework.boot.autoconfigure.data.AbstractRepositoryConfigurationSourceSupport.registerBeanDefinitions(AbstractRepositoryConfigurationSourceSupport.java:58)
	at org.springframework.context.annotation.ConfigurationClassBeanDefinitionReader.loadBeanDefinitionsFromRegistrars(ConfigurationClassBeanDefinitionReader.java:352)
	at org.springframework.context.annotation.ConfigurationClassBeanDefinitionReader.loadBeanDefinitionsForConfigurationClass(ConfigurationClassBeanDefinitionReader.java:143)
	at org.springframework.context.annotation.ConfigurationClassBeanDefinitionReader.loadBeanDefinitions(ConfigurationClassBeanDefinitionReader.java:116)
	at org.springframework.context.annotation.ConfigurationClassPostProcessor.processConfigBeanDefinitions(ConfigurationClassPostProcessor.java:333)
	at org.springframework.context.annotation.ConfigurationClassPostProcessor.postProcessBeanDefinitionRegistry(ConfigurationClassPostProcessor.java:243)
	at org.springframework.context.support.PostProcessorRegistrationDelegate.invokeBeanDefinitionRegistryPostProcessors(PostProcessorRegistrationDelegate.java:273)
	at org.springframework.context.support.PostProcessorRegistrationDelegate.invokeBeanFactoryPostProcessors(PostProcessorRegistrationDelegate.java:98)
	at org.springframework.context.support.AbstractApplicationContext.invokeBeanFactoryPostProcessors(AbstractApplicationContext.java:678)
	at org.springframework.context.support.AbstractApplicationContext.refresh(AbstractApplicationContext.java:520)
	at org.springframework.boot.SpringApplication.refresh(SpringApplication.java:760)
	at org.springframework.boot.SpringApplication.createAndRefreshContext(SpringApplication.java:360)
	at org.springframework.boot.SpringApplication.run(SpringApplication.java:306)
	at org.springframework.boot.builder.SpringApplicationBuilder.run(SpringApplicationBuilder.java:134)
	at com.aido.manager.App.main(App.java:30)
	at sun.reflect.NativeMethodAccessorImpl.invoke0(Native Method)
	at sun.reflect.NativeMethodAccessorImpl.invoke(NativeMethodAccessorImpl.java:57)
	at sun.reflect.DelegatingMethodAccessorImpl.invoke(DelegatingMethodAccessorImpl.java:43)
	at java.lang.reflect.Method.invoke(Method.java:601)
	at org.springframework.boot.devtools.restart.RestartLauncher.run(RestartLauncher.java:49)
[2017-01-15 11:07:38.643] boot - 5236  INFO [restartedMain] --- ClasspathLoggingApplicationListener: Application failed to start with classpath: [file:/C:/Users/Administrator/git/JuheData/juhe_manager/juhe_manager_service_impl/target/classes/, file:/C:/Users/Administrator/git/JuheData/juhe_manager/juhe_manager_dto/target/classes/, file:/C:/Users/Administrator/git/JuheData/juhe_common/juhu_common_httpclient/target/classes/, file:/C:/Users/Administrator/git/JuheData/juhe_common/juhu_common_util/target/classes/, file:/C:/Users/Administrator/git/JuheData/juhe_manager/juhe_manager_service/target/classes/]
[2017-01-15 11:11:23.662] boot - 4104  INFO [restartedMain] --- App: Starting App on pgos with PID 4104 (C:\Users\Administrator\git\JuheData\juhe_manager\juhe_manager_service_impl\target\classes started by Administrator in C:\Users\Administrator\git\JuheData\juhe_manager\juhe_manager_service_impl)
[2017-01-15 11:11:23.678] boot - 4104  INFO [restartedMain] --- App: No active profile set, falling back to default profiles: default
[2017-01-15 11:11:23.740] boot - 4104  INFO [restartedMain] --- AnnotationConfigApplicationContext: Refreshing org.springframework.context.annotation.AnnotationConfigApplicationContext@183ec44: startup date [Sun Jan 15 11:11:23 CST 2017]; root of context hierarchy
[2017-01-15 11:11:25.620] boot - 4104  INFO [restartedMain] --- XmlBeanDefinitionReader: Loading XML bean definitions from class path resource [spring-dubbo.xml]
[2017-01-15 11:11:25.730] boot - 4104  INFO [restartedMain] --- LoggerFactory: using logger: com.alibaba.dubbo.common.logger.log4j.Log4jLoggerAdapter
[2017-01-15 11:11:25.935] boot - 4104 ERROR [restartedMain] --- SpringApplication: Application startup failed
java.lang.annotation.AnnotationFormatError: Invalid default: public abstract java.lang.Class org.springframework.data.jpa.repository.config.EnableJpaRepositories.repositoryBaseClass()
	at java.lang.reflect.Method.getDefaultValue(Method.java:732)
	at sun.reflect.annotation.AnnotationType.<init>(AnnotationType.java:117)
	at sun.reflect.annotation.AnnotationType.getInstance(AnnotationType.java:84)
	at sun.reflect.annotation.AnnotationParser.parseAnnotation(AnnotationParser.java:221)
	at sun.reflect.annotation.AnnotationParser.parseAnnotations2(AnnotationParser.java:88)
	at sun.reflect.annotation.AnnotationParser.parseAnnotations(AnnotationParser.java:70)
	at java.lang.Class.initAnnotationsIfNecessary(Class.java:3098)
	at java.lang.Class.getAnnotations(Class.java:3078)
	at org.springframework.core.type.StandardAnnotationMetadata.<init>(StandardAnnotationMetadata.java:68)
	at org.springframework.boot.autoconfigure.data.AbstractRepositoryConfigurationSourceSupport.getConfigurationSource(AbstractRepositoryConfigurationSourceSupport.java:65)
	at org.springframework.boot.autoconfigure.data.AbstractRepositoryConfigurationSourceSupport.registerBeanDefinitions(AbstractRepositoryConfigurationSourceSupport.java:58)
	at org.springframework.context.annotation.ConfigurationClassBeanDefinitionReader.loadBeanDefinitionsFromRegistrars(ConfigurationClassBeanDefinitionReader.java:352)
	at org.springframework.context.annotation.ConfigurationClassBeanDefinitionReader.loadBeanDefinitionsForConfigurationClass(ConfigurationClassBeanDefinitionReader.java:143)
	at org.springframework.context.annotation.ConfigurationClassBeanDefinitionReader.loadBeanDefinitions(ConfigurationClassBeanDefinitionReader.java:116)
	at org.springframework.context.annotation.ConfigurationClassPostProcessor.processConfigBeanDefinitions(ConfigurationClassPostProcessor.java:333)
	at org.springframework.context.annotation.ConfigurationClassPostProcessor.postProcessBeanDefinitionRegistry(ConfigurationClassPostProcessor.java:243)
	at org.springframework.context.support.PostProcessorRegistrationDelegate.invokeBeanDefinitionRegistryPostProcessors(PostProcessorRegistrationDelegate.java:273)
	at org.springframework.context.support.PostProcessorRegistrationDelegate.invokeBeanFactoryPostProcessors(PostProcessorRegistrationDelegate.java:98)
	at org.springframework.context.support.AbstractApplicationContext.invokeBeanFactoryPostProcessors(AbstractApplicationContext.java:678)
	at org.springframework.context.support.AbstractApplicationContext.refresh(AbstractApplicationContext.java:520)
	at org.springframework.boot.SpringApplication.refresh(SpringApplication.java:760)
	at org.springframework.boot.SpringApplication.createAndRefreshContext(SpringApplication.java:360)
	at org.springframework.boot.SpringApplication.run(SpringApplication.java:306)
	at org.springframework.boot.builder.SpringApplicationBuilder.run(SpringApplicationBuilder.java:134)
	at com.aido.manager.App.main(App.java:30)
	at sun.reflect.NativeMethodAccessorImpl.invoke0(Native Method)
	at sun.reflect.NativeMethodAccessorImpl.invoke(NativeMethodAccessorImpl.java:57)
	at sun.reflect.DelegatingMethodAccessorImpl.invoke(DelegatingMethodAccessorImpl.java:43)
	at java.lang.reflect.Method.invoke(Method.java:601)
	at org.springframework.boot.devtools.restart.RestartLauncher.run(RestartLauncher.java:49)
[2017-01-15 11:11:25.951] boot - 4104  INFO [restartedMain] --- ClasspathLoggingApplicationListener: Application failed to start with classpath: [file:/C:/Users/Administrator/git/JuheData/juhe_manager/juhe_manager_service_impl/target/classes/, file:/C:/Users/Administrator/git/JuheData/juhe_manager/juhe_manager_dto/target/classes/, file:/C:/Users/Administrator/git/JuheData/juhe_common/juhu_common_httpclient/target/classes/, file:/C:/Users/Administrator/git/JuheData/juhe_common/juhu_common_util/target/classes/, file:/C:/Users/Administrator/git/JuheData/juhe_manager/juhe_manager_service/target/classes/]
[2017-01-15 11:16:04.754] boot - 4948  INFO [restartedMain] --- App: Starting App on pgos with PID 4948 (C:\Users\Administrator\git\JuheData\juhe_manager\juhe_manager_service_impl\target\classes started by Administrator in C:\Users\Administrator\git\JuheData\juhe_manager\juhe_manager_service_impl)
[2017-01-15 11:16:04.754] boot - 4948  INFO [restartedMain] --- App: No active profile set, falling back to default profiles: default
[2017-01-15 11:16:04.832] boot - 4948  INFO [restartedMain] --- AnnotationConfigApplicationContext: Refreshing org.springframework.context.annotation.AnnotationConfigApplicationContext@c4d5c9: startup date [Sun Jan 15 11:16:04 CST 2017]; root of context hierarchy
[2017-01-15 11:16:06.751] boot - 4948  INFO [restartedMain] --- XmlBeanDefinitionReader: Loading XML bean definitions from class path resource [spring-dubbo.xml]
[2017-01-15 11:16:06.846] boot - 4948  INFO [restartedMain] --- LoggerFactory: using logger: com.alibaba.dubbo.common.logger.log4j.Log4jLoggerAdapter
[2017-01-15 11:16:07.064] boot - 4948 ERROR [restartedMain] --- SpringApplication: Application startup failed
java.lang.annotation.AnnotationFormatError: Invalid default: public abstract java.lang.Class org.springframework.data.jpa.repository.config.EnableJpaRepositories.repositoryBaseClass()
	at java.lang.reflect.Method.getDefaultValue(Method.java:732)
	at sun.reflect.annotation.AnnotationType.<init>(AnnotationType.java:117)
	at sun.reflect.annotation.AnnotationType.getInstance(AnnotationType.java:84)
	at sun.reflect.annotation.AnnotationParser.parseAnnotation(AnnotationParser.java:221)
	at sun.reflect.annotation.AnnotationParser.parseAnnotations2(AnnotationParser.java:88)
	at sun.reflect.annotation.AnnotationParser.parseAnnotations(AnnotationParser.java:70)
	at java.lang.Class.initAnnotationsIfNecessary(Class.java:3098)
	at java.lang.Class.getAnnotations(Class.java:3078)
	at org.springframework.core.type.StandardAnnotationMetadata.<init>(StandardAnnotationMetadata.java:68)
	at org.springframework.boot.autoconfigure.data.AbstractRepositoryConfigurationSourceSupport.getConfigurationSource(AbstractRepositoryConfigurationSourceSupport.java:65)
	at org.springframework.boot.autoconfigure.data.AbstractRepositoryConfigurationSourceSupport.registerBeanDefinitions(AbstractRepositoryConfigurationSourceSupport.java:58)
	at org.springframework.context.annotation.ConfigurationClassBeanDefinitionReader.loadBeanDefinitionsFromRegistrars(ConfigurationClassBeanDefinitionReader.java:352)
	at org.springframework.context.annotation.ConfigurationClassBeanDefinitionReader.loadBeanDefinitionsForConfigurationClass(ConfigurationClassBeanDefinitionReader.java:143)
	at org.springframework.context.annotation.ConfigurationClassBeanDefinitionReader.loadBeanDefinitions(ConfigurationClassBeanDefinitionReader.java:116)
	at org.springframework.context.annotation.ConfigurationClassPostProcessor.processConfigBeanDefinitions(ConfigurationClassPostProcessor.java:333)
	at org.springframework.context.annotation.ConfigurationClassPostProcessor.postProcessBeanDefinitionRegistry(ConfigurationClassPostProcessor.java:243)
	at org.springframework.context.support.PostProcessorRegistrationDelegate.invokeBeanDefinitionRegistryPostProcessors(PostProcessorRegistrationDelegate.java:273)
	at org.springframework.context.support.PostProcessorRegistrationDelegate.invokeBeanFactoryPostProcessors(PostProcessorRegistrationDelegate.java:98)
	at org.springframework.context.support.AbstractApplicationContext.invokeBeanFactoryPostProcessors(AbstractApplicationContext.java:678)
	at org.springframework.context.support.AbstractApplicationContext.refresh(AbstractApplicationContext.java:520)
	at org.springframework.boot.SpringApplication.refresh(SpringApplication.java:760)
	at org.springframework.boot.SpringApplication.createAndRefreshContext(SpringApplication.java:360)
	at org.springframework.boot.SpringApplication.run(SpringApplication.java:306)
	at org.springframework.boot.builder.SpringApplicationBuilder.run(SpringApplicationBuilder.java:134)
	at com.aido.manager.App.main(App.java:30)
	at sun.reflect.NativeMethodAccessorImpl.invoke0(Native Method)
	at sun.reflect.NativeMethodAccessorImpl.invoke(NativeMethodAccessorImpl.java:57)
	at sun.reflect.DelegatingMethodAccessorImpl.invoke(DelegatingMethodAccessorImpl.java:43)
	at java.lang.reflect.Method.invoke(Method.java:601)
	at org.springframework.boot.devtools.restart.RestartLauncher.run(RestartLauncher.java:49)
[2017-01-15 11:16:07.064] boot - 4948  INFO [restartedMain] --- ClasspathLoggingApplicationListener: Application failed to start with classpath: [file:/C:/Users/Administrator/git/JuheData/juhe_manager/juhe_manager_service_impl/target/classes/, file:/C:/Users/Administrator/git/JuheData/juhe_manager/juhe_manager_dto/target/classes/, file:/C:/Users/Administrator/git/JuheData/juhe_common/juhu_common_httpclient/target/classes/, file:/C:/Users/Administrator/git/JuheData/juhe_common/juhu_common_util/target/classes/, file:/C:/Users/Administrator/git/JuheData/juhe_manager/juhe_manager_service/target/classes/]
[2017-01-15 11:20:23.259] boot - 6096  INFO [restartedMain] --- App: Starting App on pgos with PID 6096 (C:\Users\Administrator\git\JuheData\juhe_manager\juhe_manager_service_impl\target\classes started by Administrator in C:\Users\Administrator\git\JuheData\juhe_manager\juhe_manager_service_impl)
[2017-01-15 11:20:23.259] boot - 6096  INFO [restartedMain] --- App: No active profile set, falling back to default profiles: default
[2017-01-15 11:20:23.337] boot - 6096  INFO [restartedMain] --- AnnotationConfigApplicationContext: Refreshing org.springframework.context.annotation.AnnotationConfigApplicationContext@1a6e0d4: startup date [Sun Jan 15 11:20:23 CST 2017]; root of context hierarchy
[2017-01-15 11:20:25.614] boot - 6096  INFO [restartedMain] --- XmlBeanDefinitionReader: Loading XML bean definitions from class path resource [spring-dubbo.xml]
[2017-01-15 11:20:25.740] boot - 6096  INFO [restartedMain] --- LoggerFactory: using logger: com.alibaba.dubbo.common.logger.log4j.Log4jLoggerAdapter
[2017-01-15 11:20:25.990] boot - 6096 ERROR [restartedMain] --- SpringApplication: Application startup failed
java.lang.annotation.AnnotationFormatError: Invalid default: public abstract java.lang.Class org.springframework.data.jpa.repository.config.EnableJpaRepositories.repositoryBaseClass()
	at java.lang.reflect.Method.getDefaultValue(Method.java:732)
	at sun.reflect.annotation.AnnotationType.<init>(AnnotationType.java:117)
	at sun.reflect.annotation.AnnotationType.getInstance(AnnotationType.java:84)
	at sun.reflect.annotation.AnnotationParser.parseAnnotation(AnnotationParser.java:221)
	at sun.reflect.annotation.AnnotationParser.parseAnnotations2(AnnotationParser.java:88)
	at sun.reflect.annotation.AnnotationParser.parseAnnotations(AnnotationParser.java:70)
	at java.lang.Class.initAnnotationsIfNecessary(Class.java:3098)
	at java.lang.Class.getAnnotations(Class.java:3078)
	at org.springframework.core.type.StandardAnnotationMetadata.<init>(StandardAnnotationMetadata.java:68)
	at org.springframework.boot.autoconfigure.data.AbstractRepositoryConfigurationSourceSupport.getConfigurationSource(AbstractRepositoryConfigurationSourceSupport.java:65)
	at org.springframework.boot.autoconfigure.data.AbstractRepositoryConfigurationSourceSupport.registerBeanDefinitions(AbstractRepositoryConfigurationSourceSupport.java:58)
	at org.springframework.context.annotation.ConfigurationClassBeanDefinitionReader.loadBeanDefinitionsFromRegistrars(ConfigurationClassBeanDefinitionReader.java:352)
	at org.springframework.context.annotation.ConfigurationClassBeanDefinitionReader.loadBeanDefinitionsForConfigurationClass(ConfigurationClassBeanDefinitionReader.java:143)
	at org.springframework.context.annotation.ConfigurationClassBeanDefinitionReader.loadBeanDefinitions(ConfigurationClassBeanDefinitionReader.java:116)
	at org.springframework.context.annotation.ConfigurationClassPostProcessor.processConfigBeanDefinitions(ConfigurationClassPostProcessor.java:333)
	at org.springframework.context.annotation.ConfigurationClassPostProcessor.postProcessBeanDefinitionRegistry(ConfigurationClassPostProcessor.java:243)
	at org.springframework.context.support.PostProcessorRegistrationDelegate.invokeBeanDefinitionRegistryPostProcessors(PostProcessorRegistrationDelegate.java:273)
	at org.springframework.context.support.PostProcessorRegistrationDelegate.invokeBeanFactoryPostProcessors(PostProcessorRegistrationDelegate.java:98)
	at org.springframework.context.support.AbstractApplicationContext.invokeBeanFactoryPostProcessors(AbstractApplicationContext.java:678)
	at org.springframework.context.support.AbstractApplicationContext.refresh(AbstractApplicationContext.java:520)
	at org.springframework.boot.SpringApplication.refresh(SpringApplication.java:760)
	at org.springframework.boot.SpringApplication.createAndRefreshContext(SpringApplication.java:360)
	at org.springframework.boot.SpringApplication.run(SpringApplication.java:306)
	at org.springframework.boot.builder.SpringApplicationBuilder.run(SpringApplicationBuilder.java:134)
	at com.aido.manager.App.main(App.java:30)
	at sun.reflect.NativeMethodAccessorImpl.invoke0(Native Method)
	at sun.reflect.NativeMethodAccessorImpl.invoke(NativeMethodAccessorImpl.java:57)
	at sun.reflect.DelegatingMethodAccessorImpl.invoke(DelegatingMethodAccessorImpl.java:43)
	at java.lang.reflect.Method.invoke(Method.java:601)
	at org.springframework.boot.devtools.restart.RestartLauncher.run(RestartLauncher.java:49)
[2017-01-15 11:20:26.005] boot - 6096  INFO [restartedMain] --- ClasspathLoggingApplicationListener: Application failed to start with classpath: [file:/C:/Users/Administrator/git/JuheData/juhe_manager/juhe_manager_service_impl/target/classes/, file:/C:/Users/Administrator/git/JuheData/juhe_manager/juhe_manager_dto/target/classes/, file:/C:/Users/Administrator/git/JuheData/juhe_common/juhu_common_httpclient/target/classes/, file:/C:/Users/Administrator/git/JuheData/juhe_common/juhu_common_util/target/classes/, file:/C:/Users/Administrator/git/JuheData/juhe_manager/juhe_manager_service/target/classes/]
[2017-01-15 11:23:16.018] boot - 5780  INFO [restartedMain] --- App: Starting App on pgos with PID 5780 (C:\Users\Administrator\git\JuheData\juhe_manager\juhe_manager_service_impl\target\classes started by Administrator in C:\Users\Administrator\git\JuheData\juhe_manager\juhe_manager_service_impl)
[2017-01-15 11:23:16.018] boot - 5780  INFO [restartedMain] --- App: No active profile set, falling back to default profiles: default
[2017-01-15 11:23:16.096] boot - 5780  INFO [restartedMain] --- AnnotationConfigApplicationContext: Refreshing org.springframework.context.annotation.AnnotationConfigApplicationContext@c8d24: startup date [Sun Jan 15 11:23:16 CST 2017]; root of context hierarchy
[2017-01-15 11:23:18.030] boot - 5780  INFO [restartedMain] --- XmlBeanDefinitionReader: Loading XML bean definitions from class path resource [spring-dubbo.xml]
[2017-01-15 11:23:18.141] boot - 5780  INFO [restartedMain] --- LoggerFactory: using logger: com.alibaba.dubbo.common.logger.log4j.Log4jLoggerAdapter
[2017-01-15 11:23:18.359] boot - 5780 ERROR [restartedMain] --- SpringApplication: Application startup failed
java.lang.annotation.AnnotationFormatError: Invalid default: public abstract java.lang.Class org.springframework.data.jpa.repository.config.EnableJpaRepositories.repositoryBaseClass()
	at java.lang.reflect.Method.getDefaultValue(Method.java:732)
	at sun.reflect.annotation.AnnotationType.<init>(AnnotationType.java:117)
	at sun.reflect.annotation.AnnotationType.getInstance(AnnotationType.java:84)
	at sun.reflect.annotation.AnnotationParser.parseAnnotation(AnnotationParser.java:221)
	at sun.reflect.annotation.AnnotationParser.parseAnnotations2(AnnotationParser.java:88)
	at sun.reflect.annotation.AnnotationParser.parseAnnotations(AnnotationParser.java:70)
	at java.lang.Class.initAnnotationsIfNecessary(Class.java:3098)
	at java.lang.Class.getAnnotations(Class.java:3078)
	at org.springframework.core.type.StandardAnnotationMetadata.<init>(StandardAnnotationMetadata.java:68)
	at org.springframework.boot.autoconfigure.data.AbstractRepositoryConfigurationSourceSupport.getConfigurationSource(AbstractRepositoryConfigurationSourceSupport.java:65)
	at org.springframework.boot.autoconfigure.data.AbstractRepositoryConfigurationSourceSupport.registerBeanDefinitions(AbstractRepositoryConfigurationSourceSupport.java:58)
	at org.springframework.context.annotation.ConfigurationClassBeanDefinitionReader.loadBeanDefinitionsFromRegistrars(ConfigurationClassBeanDefinitionReader.java:352)
	at org.springframework.context.annotation.ConfigurationClassBeanDefinitionReader.loadBeanDefinitionsForConfigurationClass(ConfigurationClassBeanDefinitionReader.java:143)
	at org.springframework.context.annotation.ConfigurationClassBeanDefinitionReader.loadBeanDefinitions(ConfigurationClassBeanDefinitionReader.java:116)
	at org.springframework.context.annotation.ConfigurationClassPostProcessor.processConfigBeanDefinitions(ConfigurationClassPostProcessor.java:333)
	at org.springframework.context.annotation.ConfigurationClassPostProcessor.postProcessBeanDefinitionRegistry(ConfigurationClassPostProcessor.java:243)
	at org.springframework.context.support.PostProcessorRegistrationDelegate.invokeBeanDefinitionRegistryPostProcessors(PostProcessorRegistrationDelegate.java:273)
	at org.springframework.context.support.PostProcessorRegistrationDelegate.invokeBeanFactoryPostProcessors(PostProcessorRegistrationDelegate.java:98)
	at org.springframework.context.support.AbstractApplicationContext.invokeBeanFactoryPostProcessors(AbstractApplicationContext.java:678)
	at org.springframework.context.support.AbstractApplicationContext.refresh(AbstractApplicationContext.java:520)
	at org.springframework.boot.SpringApplication.refresh(SpringApplication.java:760)
	at org.springframework.boot.SpringApplication.createAndRefreshContext(SpringApplication.java:360)
	at org.springframework.boot.SpringApplication.run(SpringApplication.java:306)
	at org.springframework.boot.builder.SpringApplicationBuilder.run(SpringApplicationBuilder.java:134)
	at com.aido.manager.App.main(App.java:30)
	at sun.reflect.NativeMethodAccessorImpl.invoke0(Native Method)
	at sun.reflect.NativeMethodAccessorImpl.invoke(NativeMethodAccessorImpl.java:57)
	at sun.reflect.DelegatingMethodAccessorImpl.invoke(DelegatingMethodAccessorImpl.java:43)
	at java.lang.reflect.Method.invoke(Method.java:601)
	at org.springframework.boot.devtools.restart.RestartLauncher.run(RestartLauncher.java:49)
[2017-01-15 11:23:18.359] boot - 5780  INFO [restartedMain] --- ClasspathLoggingApplicationListener: Application failed to start with classpath: [file:/C:/Users/Administrator/git/JuheData/juhe_manager/juhe_manager_service_impl/target/classes/, file:/C:/Users/Administrator/git/JuheData/juhe_manager/juhe_manager_dto/target/classes/, file:/C:/Users/Administrator/git/JuheData/juhe_common/juhu_common_httpclient/target/classes/, file:/C:/Users/Administrator/git/JuheData/juhe_common/juhu_common_util/target/classes/, file:/C:/Users/Administrator/git/JuheData/juhe_manager/juhe_manager_service/target/classes/]
[2017-01-15 11:26:32.746] boot - 5920  INFO [restartedMain] --- App: Starting App on pgos with PID 5920 (C:\Users\Administrator\git\JuheData\juhe_manager\juhe_manager_service_impl\target\classes started by Administrator in C:\Users\Administrator\git\JuheData\juhe_manager\juhe_manager_service_impl)
[2017-01-15 11:26:32.749] boot - 5920  INFO [restartedMain] --- App: No active profile set, falling back to default profiles: default
[2017-01-15 11:26:32.836] boot - 5920  INFO [restartedMain] --- AnnotationConfigApplicationContext: Refreshing org.springframework.context.annotation.AnnotationConfigApplicationContext@1037ca5: startup date [Sun Jan 15 11:26:32 CST 2017]; root of context hierarchy
[2017-01-15 11:26:34.871] boot - 5920  INFO [restartedMain] --- XmlBeanDefinitionReader: Loading XML bean definitions from class path resource [spring-dubbo.xml]
[2017-01-15 11:26:35.020] boot - 5920  INFO [restartedMain] --- LoggerFactory: using logger: com.alibaba.dubbo.common.logger.log4j.Log4jLoggerAdapter
[2017-01-15 11:26:35.317] boot - 5920 ERROR [restartedMain] --- SpringApplication: Application startup failed
java.lang.annotation.AnnotationFormatError: Invalid default: public abstract java.lang.Class org.springframework.data.jpa.repository.config.EnableJpaRepositories.repositoryBaseClass()
	at java.lang.reflect.Method.getDefaultValue(Method.java:732)
	at sun.reflect.annotation.AnnotationType.<init>(AnnotationType.java:117)
	at sun.reflect.annotation.AnnotationType.getInstance(AnnotationType.java:84)
	at sun.reflect.annotation.AnnotationParser.parseAnnotation(AnnotationParser.java:221)
	at sun.reflect.annotation.AnnotationParser.parseAnnotations2(AnnotationParser.java:88)
	at sun.reflect.annotation.AnnotationParser.parseAnnotations(AnnotationParser.java:70)
	at java.lang.Class.initAnnotationsIfNecessary(Class.java:3098)
	at java.lang.Class.getAnnotations(Class.java:3078)
	at org.springframework.core.type.StandardAnnotationMetadata.<init>(StandardAnnotationMetadata.java:68)
	at org.springframework.boot.autoconfigure.data.AbstractRepositoryConfigurationSourceSupport.getConfigurationSource(AbstractRepositoryConfigurationSourceSupport.java:65)
	at org.springframework.boot.autoconfigure.data.AbstractRepositoryConfigurationSourceSupport.registerBeanDefinitions(AbstractRepositoryConfigurationSourceSupport.java:58)
	at org.springframework.context.annotation.ConfigurationClassBeanDefinitionReader.loadBeanDefinitionsFromRegistrars(ConfigurationClassBeanDefinitionReader.java:352)
	at org.springframework.context.annotation.ConfigurationClassBeanDefinitionReader.loadBeanDefinitionsForConfigurationClass(ConfigurationClassBeanDefinitionReader.java:143)
	at org.springframework.context.annotation.ConfigurationClassBeanDefinitionReader.loadBeanDefinitions(ConfigurationClassBeanDefinitionReader.java:116)
	at org.springframework.context.annotation.ConfigurationClassPostProcessor.processConfigBeanDefinitions(ConfigurationClassPostProcessor.java:333)
	at org.springframework.context.annotation.ConfigurationClassPostProcessor.postProcessBeanDefinitionRegistry(ConfigurationClassPostProcessor.java:243)
	at org.springframework.context.support.PostProcessorRegistrationDelegate.invokeBeanDefinitionRegistryPostProcessors(PostProcessorRegistrationDelegate.java:273)
	at org.springframework.context.support.PostProcessorRegistrationDelegate.invokeBeanFactoryPostProcessors(PostProcessorRegistrationDelegate.java:98)
	at org.springframework.context.support.AbstractApplicationContext.invokeBeanFactoryPostProcessors(AbstractApplicationContext.java:678)
	at org.springframework.context.support.AbstractApplicationContext.refresh(AbstractApplicationContext.java:520)
	at org.springframework.boot.SpringApplication.refresh(SpringApplication.java:760)
	at org.springframework.boot.SpringApplication.createAndRefreshContext(SpringApplication.java:360)
	at org.springframework.boot.SpringApplication.run(SpringApplication.java:306)
	at org.springframework.boot.builder.SpringApplicationBuilder.run(SpringApplicationBuilder.java:134)
	at com.aido.manager.App.main(App.java:30)
	at sun.reflect.NativeMethodAccessorImpl.invoke0(Native Method)
	at sun.reflect.NativeMethodAccessorImpl.invoke(NativeMethodAccessorImpl.java:57)
	at sun.reflect.DelegatingMethodAccessorImpl.invoke(DelegatingMethodAccessorImpl.java:43)
	at java.lang.reflect.Method.invoke(Method.java:601)
	at org.springframework.boot.devtools.restart.RestartLauncher.run(RestartLauncher.java:49)
[2017-01-15 11:26:35.325] boot - 5920  INFO [restartedMain] --- ClasspathLoggingApplicationListener: Application failed to start with classpath: [file:/C:/Users/Administrator/git/JuheData/juhe_manager/juhe_manager_service_impl/target/classes/, file:/C:/Users/Administrator/git/JuheData/juhe_manager/juhe_manager_dto/target/classes/, file:/C:/Users/Administrator/git/JuheData/juhe_common/juhu_common_httpclient/target/classes/, file:/C:/Users/Administrator/git/JuheData/juhe_common/juhu_common_util/target/classes/, file:/C:/Users/Administrator/git/JuheData/juhe_manager/juhe_manager_service/target/classes/]
[2017-01-15 11:36:17.591] boot - 6060  INFO [restartedMain] --- App: Starting App on pgos with PID 6060 (C:\Users\Administrator\git\JuheData\juhe_manager\juhe_manager_service_impl\target\classes started by Administrator in C:\Users\Administrator\git\JuheData\juhe_manager\juhe_manager_service_impl)
[2017-01-15 11:36:17.591] boot - 6060  INFO [restartedMain] --- App: No active profile set, falling back to default profiles: default
[2017-01-15 11:36:17.763] boot - 6060  INFO [restartedMain] --- AnnotationConfigApplicationContext: Refreshing org.springframework.context.annotation.AnnotationConfigApplicationContext@c8d24: startup date [Sun Jan 15 11:36:17 CST 2017]; root of context hierarchy
[2017-01-15 11:36:19.681] boot - 6060  INFO [restartedMain] --- XmlBeanDefinitionReader: Loading XML bean definitions from class path resource [spring-dubbo.xml]
[2017-01-15 11:36:19.792] boot - 6060  INFO [restartedMain] --- LoggerFactory: using logger: com.alibaba.dubbo.common.logger.log4j.Log4jLoggerAdapter
[2017-01-15 11:36:20.010] boot - 6060 ERROR [restartedMain] --- SpringApplication: Application startup failed
java.lang.annotation.AnnotationFormatError: Invalid default: public abstract java.lang.Class org.springframework.data.jpa.repository.config.EnableJpaRepositories.repositoryBaseClass()
	at java.lang.reflect.Method.getDefaultValue(Method.java:732)
	at sun.reflect.annotation.AnnotationType.<init>(AnnotationType.java:117)
	at sun.reflect.annotation.AnnotationType.getInstance(AnnotationType.java:84)
	at sun.reflect.annotation.AnnotationParser.parseAnnotation(AnnotationParser.java:221)
	at sun.reflect.annotation.AnnotationParser.parseAnnotations2(AnnotationParser.java:88)
	at sun.reflect.annotation.AnnotationParser.parseAnnotations(AnnotationParser.java:70)
	at java.lang.Class.initAnnotationsIfNecessary(Class.java:3098)
	at java.lang.Class.getAnnotations(Class.java:3078)
	at org.springframework.core.type.StandardAnnotationMetadata.<init>(StandardAnnotationMetadata.java:68)
	at org.springframework.boot.autoconfigure.data.AbstractRepositoryConfigurationSourceSupport.getConfigurationSource(AbstractRepositoryConfigurationSourceSupport.java:65)
	at org.springframework.boot.autoconfigure.data.AbstractRepositoryConfigurationSourceSupport.registerBeanDefinitions(AbstractRepositoryConfigurationSourceSupport.java:58)
	at org.springframework.context.annotation.ConfigurationClassBeanDefinitionReader.loadBeanDefinitionsFromRegistrars(ConfigurationClassBeanDefinitionReader.java:352)
	at org.springframework.context.annotation.ConfigurationClassBeanDefinitionReader.loadBeanDefinitionsForConfigurationClass(ConfigurationClassBeanDefinitionReader.java:143)
	at org.springframework.context.annotation.ConfigurationClassBeanDefinitionReader.loadBeanDefinitions(ConfigurationClassBeanDefinitionReader.java:116)
	at org.springframework.context.annotation.ConfigurationClassPostProcessor.processConfigBeanDefinitions(ConfigurationClassPostProcessor.java:333)
	at org.springframework.context.annotation.ConfigurationClassPostProcessor.postProcessBeanDefinitionRegistry(ConfigurationClassPostProcessor.java:243)
	at org.springframework.context.support.PostProcessorRegistrationDelegate.invokeBeanDefinitionRegistryPostProcessors(PostProcessorRegistrationDelegate.java:273)
	at org.springframework.context.support.PostProcessorRegistrationDelegate.invokeBeanFactoryPostProcessors(PostProcessorRegistrationDelegate.java:98)
	at org.springframework.context.support.AbstractApplicationContext.invokeBeanFactoryPostProcessors(AbstractApplicationContext.java:678)
	at org.springframework.context.support.AbstractApplicationContext.refresh(AbstractApplicationContext.java:520)
	at org.springframework.boot.SpringApplication.refresh(SpringApplication.java:760)
	at org.springframework.boot.SpringApplication.createAndRefreshContext(SpringApplication.java:360)
	at org.springframework.boot.SpringApplication.run(SpringApplication.java:306)
	at org.springframework.boot.builder.SpringApplicationBuilder.run(SpringApplicationBuilder.java:134)
	at com.aido.manager.App.main(App.java:30)
	at sun.reflect.NativeMethodAccessorImpl.invoke0(Native Method)
	at sun.reflect.NativeMethodAccessorImpl.invoke(NativeMethodAccessorImpl.java:57)
	at sun.reflect.DelegatingMethodAccessorImpl.invoke(DelegatingMethodAccessorImpl.java:43)
	at java.lang.reflect.Method.invoke(Method.java:601)
	at org.springframework.boot.devtools.restart.RestartLauncher.run(RestartLauncher.java:49)
[2017-01-15 11:36:20.010] boot - 6060  INFO [restartedMain] --- ClasspathLoggingApplicationListener: Application failed to start with classpath: [file:/C:/Users/Administrator/git/JuheData/juhe_manager/juhe_manager_service_impl/target/classes/, file:/C:/Users/Administrator/git/JuheData/juhe_manager/juhe_manager_dto/target/classes/, file:/C:/Users/Administrator/git/JuheData/juhe_common/juhu_common_httpclient/target/classes/, file:/C:/Users/Administrator/git/JuheData/juhe_common/juhu_common_util/target/classes/, file:/C:/Users/Administrator/git/JuheData/juhe_manager/juhe_manager_service/target/classes/]
[2017-01-15 11:39:29.548] boot - 1828  INFO [restartedMain] --- App: Starting App on pgos with PID 1828 (C:\Users\Administrator\git\JuheData\juhe_manager\juhe_manager_service_impl\target\classes started by Administrator in C:\Users\Administrator\git\JuheData\juhe_manager\juhe_manager_service_impl)
[2017-01-15 11:39:29.564] boot - 1828  INFO [restartedMain] --- App: No active profile set, falling back to default profiles: default
[2017-01-15 11:39:29.642] boot - 1828  INFO [restartedMain] --- AnnotationConfigApplicationContext: Refreshing org.springframework.context.annotation.AnnotationConfigApplicationContext@13a8983: startup date [Sun Jan 15 11:39:29 CST 2017]; root of context hierarchy
[2017-01-15 11:39:31.693] boot - 1828 ERROR [restartedMain] --- SpringApplication: Application startup failed
java.lang.annotation.AnnotationFormatError: Invalid default: public abstract java.lang.Class org.springframework.data.jpa.repository.config.EnableJpaRepositories.repositoryBaseClass()
	at java.lang.reflect.Method.getDefaultValue(Method.java:732)
	at sun.reflect.annotation.AnnotationType.<init>(AnnotationType.java:117)
	at sun.reflect.annotation.AnnotationType.getInstance(AnnotationType.java:84)
	at sun.reflect.annotation.AnnotationParser.parseAnnotation(AnnotationParser.java:221)
	at sun.reflect.annotation.AnnotationParser.parseAnnotations2(AnnotationParser.java:88)
	at sun.reflect.annotation.AnnotationParser.parseAnnotations(AnnotationParser.java:70)
	at java.lang.Class.initAnnotationsIfNecessary(Class.java:3098)
	at java.lang.Class.getAnnotations(Class.java:3078)
	at org.springframework.core.type.StandardAnnotationMetadata.<init>(StandardAnnotationMetadata.java:68)
	at org.springframework.boot.autoconfigure.data.AbstractRepositoryConfigurationSourceSupport.getConfigurationSource(AbstractRepositoryConfigurationSourceSupport.java:65)
	at org.springframework.boot.autoconfigure.data.AbstractRepositoryConfigurationSourceSupport.registerBeanDefinitions(AbstractRepositoryConfigurationSourceSupport.java:58)
	at org.springframework.context.annotation.ConfigurationClassBeanDefinitionReader.loadBeanDefinitionsFromRegistrars(ConfigurationClassBeanDefinitionReader.java:352)
	at org.springframework.context.annotation.ConfigurationClassBeanDefinitionReader.loadBeanDefinitionsForConfigurationClass(ConfigurationClassBeanDefinitionReader.java:143)
	at org.springframework.context.annotation.ConfigurationClassBeanDefinitionReader.loadBeanDefinitions(ConfigurationClassBeanDefinitionReader.java:116)
	at org.springframework.context.annotation.ConfigurationClassPostProcessor.processConfigBeanDefinitions(ConfigurationClassPostProcessor.java:333)
	at org.springframework.context.annotation.ConfigurationClassPostProcessor.postProcessBeanDefinitionRegistry(ConfigurationClassPostProcessor.java:243)
	at org.springframework.context.support.PostProcessorRegistrationDelegate.invokeBeanDefinitionRegistryPostProcessors(PostProcessorRegistrationDelegate.java:273)
	at org.springframework.context.support.PostProcessorRegistrationDelegate.invokeBeanFactoryPostProcessors(PostProcessorRegistrationDelegate.java:98)
	at org.springframework.context.support.AbstractApplicationContext.invokeBeanFactoryPostProcessors(AbstractApplicationContext.java:678)
	at org.springframework.context.support.AbstractApplicationContext.refresh(AbstractApplicationContext.java:520)
	at org.springframework.boot.SpringApplication.refresh(SpringApplication.java:760)
	at org.springframework.boot.SpringApplication.createAndRefreshContext(SpringApplication.java:360)
	at org.springframework.boot.SpringApplication.run(SpringApplication.java:306)
	at org.springframework.boot.builder.SpringApplicationBuilder.run(SpringApplicationBuilder.java:134)
	at com.aido.manager.App.main(App.java:30)
	at sun.reflect.NativeMethodAccessorImpl.invoke0(Native Method)
	at sun.reflect.NativeMethodAccessorImpl.invoke(NativeMethodAccessorImpl.java:57)
	at sun.reflect.DelegatingMethodAccessorImpl.invoke(DelegatingMethodAccessorImpl.java:43)
	at java.lang.reflect.Method.invoke(Method.java:601)
	at org.springframework.boot.devtools.restart.RestartLauncher.run(RestartLauncher.java:49)
[2017-01-15 11:39:31.709] boot - 1828  INFO [restartedMain] --- ClasspathLoggingApplicationListener: Application failed to start with classpath: [file:/C:/Users/Administrator/git/JuheData/juhe_manager/juhe_manager_service_impl/target/classes/, file:/C:/Users/Administrator/git/JuheData/juhe_manager/juhe_manager_dto/target/classes/, file:/C:/Users/Administrator/git/JuheData/juhe_common/juhu_common_httpclient/target/classes/, file:/C:/Users/Administrator/git/JuheData/juhe_common/juhu_common_util/target/classes/, file:/C:/Users/Administrator/git/JuheData/juhe_manager/juhe_manager_service/target/classes/]
[2017-01-15 11:40:13.390] boot - 5720  INFO [restartedMain] --- App: Starting App on pgos with PID 5720 (C:\Users\Administrator\git\JuheData\juhe_manager\juhe_manager_service_impl\target\classes started by Administrator in C:\Users\Administrator\git\JuheData\juhe_manager\juhe_manager_service_impl)
[2017-01-15 11:40:13.390] boot - 5720  INFO [restartedMain] --- App: No active profile set, falling back to default profiles: default
[2017-01-15 11:40:13.468] boot - 5720  INFO [restartedMain] --- AnnotationConfigApplicationContext: Refreshing org.springframework.context.annotation.AnnotationConfigApplicationContext@18f9ba9: startup date [Sun Jan 15 11:40:13 CST 2017]; root of context hierarchy
[2017-01-15 11:40:15.241] boot - 5720 ERROR [restartedMain] --- SpringApplication: Application startup failed
java.lang.annotation.AnnotationFormatError: Invalid default: public abstract java.lang.Class org.springframework.data.jpa.repository.config.EnableJpaRepositories.repositoryBaseClass()
	at java.lang.reflect.Method.getDefaultValue(Method.java:732)
	at sun.reflect.annotation.AnnotationType.<init>(AnnotationType.java:117)
	at sun.reflect.annotation.AnnotationType.getInstance(AnnotationType.java:84)
	at sun.reflect.annotation.AnnotationParser.parseAnnotation(AnnotationParser.java:221)
	at sun.reflect.annotation.AnnotationParser.parseAnnotations2(AnnotationParser.java:88)
	at sun.reflect.annotation.AnnotationParser.parseAnnotations(AnnotationParser.java:70)
	at java.lang.Class.initAnnotationsIfNecessary(Class.java:3098)
	at java.lang.Class.getAnnotations(Class.java:3078)
	at org.springframework.core.type.StandardAnnotationMetadata.<init>(StandardAnnotationMetadata.java:68)
	at org.springframework.boot.autoconfigure.data.AbstractRepositoryConfigurationSourceSupport.getConfigurationSource(AbstractRepositoryConfigurationSourceSupport.java:65)
	at org.springframework.boot.autoconfigure.data.AbstractRepositoryConfigurationSourceSupport.registerBeanDefinitions(AbstractRepositoryConfigurationSourceSupport.java:58)
	at org.springframework.context.annotation.ConfigurationClassBeanDefinitionReader.loadBeanDefinitionsFromRegistrars(ConfigurationClassBeanDefinitionReader.java:352)
	at org.springframework.context.annotation.ConfigurationClassBeanDefinitionReader.loadBeanDefinitionsForConfigurationClass(ConfigurationClassBeanDefinitionReader.java:143)
	at org.springframework.context.annotation.ConfigurationClassBeanDefinitionReader.loadBeanDefinitions(ConfigurationClassBeanDefinitionReader.java:116)
	at org.springframework.context.annotation.ConfigurationClassPostProcessor.processConfigBeanDefinitions(ConfigurationClassPostProcessor.java:333)
	at org.springframework.context.annotation.ConfigurationClassPostProcessor.postProcessBeanDefinitionRegistry(ConfigurationClassPostProcessor.java:243)
	at org.springframework.context.support.PostProcessorRegistrationDelegate.invokeBeanDefinitionRegistryPostProcessors(PostProcessorRegistrationDelegate.java:273)
	at org.springframework.context.support.PostProcessorRegistrationDelegate.invokeBeanFactoryPostProcessors(PostProcessorRegistrationDelegate.java:98)
	at org.springframework.context.support.AbstractApplicationContext.invokeBeanFactoryPostProcessors(AbstractApplicationContext.java:678)
	at org.springframework.context.support.AbstractApplicationContext.refresh(AbstractApplicationContext.java:520)
	at org.springframework.boot.SpringApplication.refresh(SpringApplication.java:760)
	at org.springframework.boot.SpringApplication.createAndRefreshContext(SpringApplication.java:360)
	at org.springframework.boot.SpringApplication.run(SpringApplication.java:306)
	at org.springframework.boot.builder.SpringApplicationBuilder.run(SpringApplicationBuilder.java:134)
	at com.aido.manager.App.main(App.java:30)
	at sun.reflect.NativeMethodAccessorImpl.invoke0(Native Method)
	at sun.reflect.NativeMethodAccessorImpl.invoke(NativeMethodAccessorImpl.java:57)
	at sun.reflect.DelegatingMethodAccessorImpl.invoke(DelegatingMethodAccessorImpl.java:43)
	at java.lang.reflect.Method.invoke(Method.java:601)
	at org.springframework.boot.devtools.restart.RestartLauncher.run(RestartLauncher.java:49)
[2017-01-15 11:40:15.241] boot - 5720  INFO [restartedMain] --- ClasspathLoggingApplicationListener: Application failed to start with classpath: [file:/C:/Users/Administrator/git/JuheData/juhe_manager/juhe_manager_service_impl/target/classes/, file:/C:/Users/Administrator/git/JuheData/juhe_manager/juhe_manager_dto/target/classes/, file:/C:/Users/Administrator/git/JuheData/juhe_common/juhu_common_httpclient/target/classes/, file:/C:/Users/Administrator/git/JuheData/juhe_common/juhu_common_util/target/classes/, file:/C:/Users/Administrator/git/JuheData/juhe_manager/juhe_manager_service/target/classes/]
[2017-01-15 11:43:46.017] boot - 3608  INFO [restartedMain] --- App: Starting App on pgos with PID 3608 (C:\Users\Administrator\git\JuheData\juhe_manager\juhe_manager_service_impl\target\classes started by Administrator in C:\Users\Administrator\git\JuheData\juhe_manager\juhe_manager_service_impl)
[2017-01-15 11:43:46.033] boot - 3608  INFO [restartedMain] --- App: No active profile set, falling back to default profiles: default
[2017-01-15 11:43:46.080] boot - 3608 ERROR [restartedMain] --- SpringApplication: Application startup failed
java.lang.annotation.AnnotationFormatError: Invalid default: public abstract java.lang.Class org.springframework.data.jpa.repository.config.EnableJpaRepositories.repositoryBaseClass()
	at java.lang.reflect.Method.getDefaultValue(Method.java:732)
	at sun.reflect.annotation.AnnotationType.<init>(AnnotationType.java:117)
	at sun.reflect.annotation.AnnotationType.getInstance(AnnotationType.java:84)
	at sun.reflect.annotation.AnnotationParser.parseAnnotation(AnnotationParser.java:221)
	at sun.reflect.annotation.AnnotationParser.parseAnnotations2(AnnotationParser.java:88)
	at sun.reflect.annotation.AnnotationParser.parseAnnotations(AnnotationParser.java:70)
	at java.lang.Class.initAnnotationsIfNecessary(Class.java:3098)
	at java.lang.Class.getDeclaredAnnotations(Class.java:3086)
	at org.springframework.core.annotation.AnnotationUtils.findAnnotation(AnnotationUtils.java:704)
	at org.springframework.core.annotation.AnnotationUtils.findAnnotation(AnnotationUtils.java:683)
	at org.springframework.core.annotation.AnnotationUtils.findAnnotation(AnnotationUtils.java:660)
	at org.springframework.boot.BeanDefinitionLoader.isComponent(BeanDefinitionLoader.java:289)
	at org.springframework.boot.BeanDefinitionLoader.load(BeanDefinitionLoader.java:158)
	at org.springframework.boot.BeanDefinitionLoader.load(BeanDefinitionLoader.java:135)
	at org.springframework.boot.BeanDefinitionLoader.load(BeanDefinitionLoader.java:127)
	at org.springframework.boot.SpringApplication.load(SpringApplication.java:702)
	at org.springframework.boot.SpringApplication.createAndRefreshContext(SpringApplication.java:356)
	at org.springframework.boot.SpringApplication.run(SpringApplication.java:306)
	at org.springframework.boot.builder.SpringApplicationBuilder.run(SpringApplicationBuilder.java:134)
	at com.aido.manager.App.main(App.java:32)
	at sun.reflect.NativeMethodAccessorImpl.invoke0(Native Method)
	at sun.reflect.NativeMethodAccessorImpl.invoke(NativeMethodAccessorImpl.java:57)
	at sun.reflect.DelegatingMethodAccessorImpl.invoke(DelegatingMethodAccessorImpl.java:43)
	at java.lang.reflect.Method.invoke(Method.java:601)
	at org.springframework.boot.devtools.restart.RestartLauncher.run(RestartLauncher.java:49)
[2017-01-15 11:43:46.095] boot - 3608  INFO [restartedMain] --- ClasspathLoggingApplicationListener: Application failed to start with classpath: [file:/C:/Users/Administrator/git/JuheData/juhe_manager/juhe_manager_service_impl/target/classes/, file:/C:/Users/Administrator/git/JuheData/juhe_manager/juhe_manager_dto/target/classes/, file:/C:/Users/Administrator/git/JuheData/juhe_common/juhu_common_httpclient/target/classes/, file:/C:/Users/Administrator/git/JuheData/juhe_common/juhu_common_util/target/classes/, file:/C:/Users/Administrator/git/JuheData/juhe_manager/juhe_manager_service/target/classes/]
[2017-01-15 11:44:41.457] boot - 5264  INFO [restartedMain] --- App: Starting App on pgos with PID 5264 (C:\Users\Administrator\git\JuheData\juhe_manager\juhe_manager_service_impl\target\classes started by Administrator in C:\Users\Administrator\git\JuheData\juhe_manager\juhe_manager_service_impl)
[2017-01-15 11:44:41.457] boot - 5264  INFO [restartedMain] --- App: No active profile set, falling back to default profiles: default
[2017-01-15 11:44:41.535] boot - 5264 ERROR [restartedMain] --- SpringApplication: Application startup failed
java.lang.annotation.AnnotationFormatError: Invalid default: public abstract java.lang.Class org.springframework.data.jpa.repository.config.EnableJpaRepositories.repositoryBaseClass()
	at java.lang.reflect.Method.getDefaultValue(Method.java:732)
	at sun.reflect.annotation.AnnotationType.<init>(AnnotationType.java:117)
	at sun.reflect.annotation.AnnotationType.getInstance(AnnotationType.java:84)
	at sun.reflect.annotation.AnnotationParser.parseAnnotation(AnnotationParser.java:221)
	at sun.reflect.annotation.AnnotationParser.parseAnnotations2(AnnotationParser.java:88)
	at sun.reflect.annotation.AnnotationParser.parseAnnotations(AnnotationParser.java:70)
	at java.lang.Class.initAnnotationsIfNecessary(Class.java:3098)
	at java.lang.Class.getDeclaredAnnotations(Class.java:3086)
	at org.springframework.core.annotation.AnnotationUtils.findAnnotation(AnnotationUtils.java:704)
	at org.springframework.core.annotation.AnnotationUtils.findAnnotation(AnnotationUtils.java:683)
	at org.springframework.core.annotation.AnnotationUtils.findAnnotation(AnnotationUtils.java:660)
	at org.springframework.boot.BeanDefinitionLoader.isComponent(BeanDefinitionLoader.java:289)
	at org.springframework.boot.BeanDefinitionLoader.load(BeanDefinitionLoader.java:158)
	at org.springframework.boot.BeanDefinitionLoader.load(BeanDefinitionLoader.java:135)
	at org.springframework.boot.BeanDefinitionLoader.load(BeanDefinitionLoader.java:127)
	at org.springframework.boot.SpringApplication.load(SpringApplication.java:702)
	at org.springframework.boot.SpringApplication.createAndRefreshContext(SpringApplication.java:356)
	at org.springframework.boot.SpringApplication.run(SpringApplication.java:306)
	at org.springframework.boot.builder.SpringApplicationBuilder.run(SpringApplicationBuilder.java:134)
	at com.aido.manager.App.main(App.java:32)
	at sun.reflect.NativeMethodAccessorImpl.invoke0(Native Method)
	at sun.reflect.NativeMethodAccessorImpl.invoke(NativeMethodAccessorImpl.java:57)
	at sun.reflect.DelegatingMethodAccessorImpl.invoke(DelegatingMethodAccessorImpl.java:43)
	at java.lang.reflect.Method.invoke(Method.java:601)
	at org.springframework.boot.devtools.restart.RestartLauncher.run(RestartLauncher.java:49)
[2017-01-15 11:44:41.550] boot - 5264  INFO [restartedMain] --- ClasspathLoggingApplicationListener: Application failed to start with classpath: [file:/C:/Users/Administrator/git/JuheData/juhe_manager/juhe_manager_service_impl/target/classes/, file:/C:/Users/Administrator/git/JuheData/juhe_manager/juhe_manager_dto/target/classes/, file:/C:/Users/Administrator/git/JuheData/juhe_common/juhu_common_httpclient/target/classes/, file:/C:/Users/Administrator/git/JuheData/juhe_common/juhu_common_util/target/classes/, file:/C:/Users/Administrator/git/JuheData/juhe_manager/juhe_manager_service/target/classes/]
[2017-01-15 11:51:25.786] boot - 5628  INFO [restartedMain] --- App: Starting App on pgos with PID 5628 (C:\Users\Administrator\git\JuheData\juhe_manager\juhe_manager_service_impl\target\classes started by Administrator in C:\Users\Administrator\git\JuheData\juhe_manager\juhe_manager_service_impl)
[2017-01-15 11:51:25.786] boot - 5628  INFO [restartedMain] --- App: No active profile set, falling back to default profiles: default
[2017-01-15 11:51:25.848] boot - 5628 ERROR [restartedMain] --- SpringApplication: Application startup failed
java.lang.annotation.AnnotationFormatError: Invalid default: public abstract java.lang.Class org.springframework.data.jpa.repository.config.EnableJpaRepositories.repositoryBaseClass()
	at java.lang.reflect.Method.getDefaultValue(Method.java:732)
	at sun.reflect.annotation.AnnotationType.<init>(AnnotationType.java:117)
	at sun.reflect.annotation.AnnotationType.getInstance(AnnotationType.java:84)
	at sun.reflect.annotation.AnnotationParser.parseAnnotation(AnnotationParser.java:221)
	at sun.reflect.annotation.AnnotationParser.parseAnnotations2(AnnotationParser.java:88)
	at sun.reflect.annotation.AnnotationParser.parseAnnotations(AnnotationParser.java:70)
	at java.lang.Class.initAnnotationsIfNecessary(Class.java:3098)
	at java.lang.Class.getDeclaredAnnotations(Class.java:3086)
	at org.springframework.core.annotation.AnnotationUtils.findAnnotation(AnnotationUtils.java:704)
	at org.springframework.core.annotation.AnnotationUtils.findAnnotation(AnnotationUtils.java:683)
	at org.springframework.core.annotation.AnnotationUtils.findAnnotation(AnnotationUtils.java:660)
	at org.springframework.boot.BeanDefinitionLoader.isComponent(BeanDefinitionLoader.java:289)
	at org.springframework.boot.BeanDefinitionLoader.load(BeanDefinitionLoader.java:158)
	at org.springframework.boot.BeanDefinitionLoader.load(BeanDefinitionLoader.java:135)
	at org.springframework.boot.BeanDefinitionLoader.load(BeanDefinitionLoader.java:127)
	at org.springframework.boot.SpringApplication.load(SpringApplication.java:702)
	at org.springframework.boot.SpringApplication.createAndRefreshContext(SpringApplication.java:356)
	at org.springframework.boot.SpringApplication.run(SpringApplication.java:306)
	at org.springframework.boot.builder.SpringApplicationBuilder.run(SpringApplicationBuilder.java:134)
	at com.aido.manager.App.main(App.java:34)
	at sun.reflect.NativeMethodAccessorImpl.invoke0(Native Method)
	at sun.reflect.NativeMethodAccessorImpl.invoke(NativeMethodAccessorImpl.java:57)
	at sun.reflect.DelegatingMethodAccessorImpl.invoke(DelegatingMethodAccessorImpl.java:43)
	at java.lang.reflect.Method.invoke(Method.java:601)
	at org.springframework.boot.devtools.restart.RestartLauncher.run(RestartLauncher.java:49)
[2017-01-15 11:51:25.864] boot - 5628  INFO [restartedMain] --- ClasspathLoggingApplicationListener: Application failed to start with classpath: [file:/C:/Users/Administrator/git/JuheData/juhe_manager/juhe_manager_service_impl/target/classes/, file:/C:/Users/Administrator/git/JuheData/juhe_manager/juhe_manager_dto/target/classes/, file:/C:/Users/Administrator/git/JuheData/juhe_common/juhu_common_httpclient/target/classes/, file:/C:/Users/Administrator/git/JuheData/juhe_common/juhu_common_util/target/classes/, file:/C:/Users/Administrator/git/JuheData/juhe_manager/juhe_manager_service/target/classes/]
